生成启动时间为 2020/12/10 19:43:08。
     1>项目“C:\Users\Vinkylee\Desktop\软件工程\实验一Wordcount\实验一Wordcount\实验一Wordcount\实验一Wordcount.vcxproj”在节点 2 上(build 个目标)。
     1>InitializeBuildStatus:
         正在创建“Debug\实验一Wordcount.unsuccessfulbuild”，因为已指定“AlwaysCreate”。
       ClCompile:
         C:\Program Files (x86)\Microsoft Visual Studio 10.0\VC\bin\CL.exe /c /ZI /nologo /W3 /WX- /Od /Oy- /D WIN32 /D _DEBUG /D _CONSOLE /D _UNICODE /D UNICODE /Gm /EHsc /RTC1 /MDd /GS /fp:precise /Zc:wchar_t /Zc:forScope /Fo"Debug\\" /Fd"Debug\vc100.pdb" /Gd /TP /analyze- /errorReport:prompt "实验一Wordcount.cpp"
         实验一Wordcount.cpp
     1>c:\users\vinkylee\desktop\软件工程\实验一wordcount\实验一wordcount\实验一wordcount\实验一wordcount.cpp(7): warning C4996: 'fopen': This function or variable may be unsafe. Consider using fopen_s instead. To disable deprecation, use _CRT_SECURE_NO_WARNINGS. See online help for details.
                 c:\program files (x86)\microsoft visual studio 10.0\vc\include\stdio.h(234) : 参见“fopen”的声明
     1>c:\users\vinkylee\desktop\软件工程\实验一wordcount\实验一wordcount\实验一wordcount\实验一wordcount.cpp(27): warning C4996: 'fopen': This function or variable may be unsafe. Consider using fopen_s instead. To disable deprecation, use _CRT_SECURE_NO_WARNINGS. See online help for details.
                 c:\program files (x86)\microsoft visual studio 10.0\vc\include\stdio.h(234) : 参见“fopen”的声明
     1>c:\users\vinkylee\desktop\软件工程\实验一wordcount\实验一wordcount\实验一wordcount\实验一wordcount.cpp(73): warning C4996: 'scanf': This function or variable may be unsafe. Consider using scanf_s instead. To disable deprecation, use _CRT_SECURE_NO_WARNINGS. See online help for details.
                 c:\program files (x86)\microsoft visual studio 10.0\vc\include\stdio.h(304) : 参见“scanf”的声明
       ManifestResourceCompile:
         所有输出均为最新。
       Link:
         C:\Program Files (x86)\Microsoft Visual Studio 10.0\VC\bin\link.exe /ERRORREPORT:PROMPT /OUT:"C:\Users\Vinkylee\Desktop\软件工程\实验一Wordcount\实验一Wordcount\Debug\实验一Wordcount.exe" /INCREMENTAL /NOLOGO kernel32.lib user32.lib gdi32.lib winspool.lib comdlg32.lib advapi32.lib shell32.lib ole32.lib oleaut32.lib uuid.lib odbc32.lib odbccp32.lib /MANIFEST /ManifestFile:"Debug\实验一Wordcount.exe.intermediate.manifest" /MANIFESTUAC:"level='asInvoker' uiAccess='false'" /DEBUG /PDB:"C:\Users\Vinkylee\Desktop\软件工程\实验一Wordcount\实验一Wordcount\Debug\实验一Wordcount.pdb" /SUBSYSTEM:CONSOLE /TLBID:1 /DYNAMICBASE /NXCOMPAT /IMPLIB:"C:\Users\Vinkylee\Desktop\软件工程\实验一Wordcount\实验一Wordcount\Debug\实验一Wordcount.lib" /MACHINE:X86 "Debug\实验一Wordcount.exe.embed.manifest.res"
         "Debug\实验一Wordcount.obj"
       Manifest:
         C:\Program Files (x86)\Microsoft SDKs\Windows\v7.0A\bin\mt.exe /nologo /verbose /out:"Debug\实验一Wordcount.exe.embed.manifest" /manifest "Debug\实验一Wordcount.exe.intermediate.manifest"
         所有输出均为最新。
       LinkEmbedManifest:
         所有输出均为最新。
         实验一Wordcount.vcxproj -> C:\Users\Vinkylee\Desktop\软件工程\实验一Wordcount\实验一Wordcount\Debug\实验一Wordcount.exe
       FinalizeBuildStatus:
         正在删除文件“Debug\实验一Wordcount.unsuccessfulbuild”。
         正在对“Debug\实验一Wordcount.lastbuildstate”执行 Touch 任务。
     1>已完成生成项目“C:\Users\Vinkylee\Desktop\软件工程\实验一Wordcount\实验一Wordcount\实验一Wordcount\实验一Wordcount.vcxproj”(build 个目标)的操作。

生成成功。

已用时间 00:00:00.35
